[2022-06-03T16:50:00+0000] [PACMAN] Running 'pacman -Syu --root /tmp/newmsys/msys64'
[2022-06-03T16:50:00+0000] [PACMAN] synchronizing package lists
[2022-06-03T16:50:05+0000] [PACMAN] starting core system upgrade
[2022-06-03T16:50:05+0000] [PACMAN] starting full system upgrade
[2022-06-03T16:50:06+0000] [PACMAN] Running 'pacman -S --noconfirm --root /tmp/newmsys/msys64 filesystem msys2-runtime'
[2022-06-03T16:50:10+0000] [ALPM] transaction started
[2022-06-03T16:50:10+0000] [ALPM] installed filesystem (2022.01-4)
[2022-06-03T16:50:10+0000] [ALPM] installed msys2-runtime (3.3.5-2)
[2022-06-03T16:50:10+0000] [ALPM] transaction completed
[2022-06-03T16:50:11+0000] [PACMAN] Running 'pacman -S --noconfirm --root /tmp/newmsys/msys64 base'
[2022-06-03T16:50:56+0000] [ALPM] transaction started
[2022-06-03T16:50:57+0000] [ALPM] installed bash (5.1.016-1)
[2022-06-03T16:50:57+0000] [ALPM] installed bash-completion (2.11-2)
[2022-06-03T16:50:57+0000] [ALPM] installed gcc-libs (11.3.0-1)
[2022-06-03T16:50:57+0000] [ALPM] installed libbz2 (1.0.8-3)
[2022-06-03T16:50:57+0000] [ALPM] installed libintl (0.21-2)
[2022-06-03T16:50:57+0000] [ALPM] installed libiconv (1.16-2)
[2022-06-03T16:50:57+0000] [ALPM] installed libexpat (2.4.8-1)
[2022-06-03T16:50:58+0000] [ALPM] installed libgettextpo (0.21-2)
[2022-06-03T16:50:58+0000] [ALPM] installed libasprintf (0.21-2)
[2022-06-03T16:50:58+0000] [ALPM] installed gettext (0.21-2)
[2022-06-03T16:50:58+0000] [ALPM] installed liblzma (5.2.5-2)
[2022-06-03T16:50:58+0000] [ALPM] installed liblz4 (1.9.3-2)
[2022-06-03T16:50:58+0000] [ALPM] installed zlib (1.2.12-2)
[2022-06-03T16:50:58+0000] [ALPM] installed libopenssl (1.1.1.o-1)
[2022-06-03T16:50:58+0000] [ALPM] installed libzstd (1.5.2-2)
[2022-06-03T16:50:58+0000] [ALPM] installed bsdtar (3.6.1-2)
[2022-06-03T16:50:58+0000] [ALPM] installed bzip2 (1.0.8-3)
[2022-06-03T16:50:58+0000] [ALPM] installed gmp (6.2.1-2)
[2022-06-03T16:50:58+0000] [ALPM] installed coreutils (8.32-2)
[2022-06-03T16:50:58+0000] [ALPM] installed openssl (1.1.1.o-1)
[2022-06-03T16:50:59+0000] [ALPM] installed findutils (4.9.0-3)
[2022-06-03T16:50:59+0000] [ALPM] installed sed (4.8-3)
[2022-06-03T16:50:59+0000] [ALPM] installed libffi (3.4.2-1)
[2022-06-03T16:51:06+0000] [ALPM] installed ncurses (6.3-3)
[2022-06-03T16:51:06+0000] [ALPM] installed libpcre (8.45-1)
[2022-06-03T16:51:06+0000] [ALPM] installed less (590-1)
[2022-06-03T16:51:06+0000] [ALPM] installed gzip (1.12-1)
[2022-06-03T16:51:06+0000] [ALPM] installed libcrypt (2.1-3)
[2022-06-03T16:51:07+0000] [ALPM] installed info (6.8-4)
[2022-06-03T16:51:07+0000] [ALPM] installed libtasn1 (4.18.0-3)
[2022-06-03T16:51:07+0000] [ALPM] installed libp11-kit (0.24.1-3)
[2022-06-03T16:51:07+0000] [ALPM] installed p11-kit (0.24.1-3)
[2022-06-03T16:51:07+0000] [ALPM] installed ca-certificates (20211016-1)
[2022-06-03T16:51:08+0000] [ALPM] installed brotli (1.0.9-3)
[2022-06-03T16:51:08+0000] [ALPM] installed libdb (5.3.28-3)
[2022-06-03T16:51:08+0000] [ALPM] installed libedit (20210910_3.1-1)
[2022-06-03T16:51:08+0000] [ALPM] installed libreadline (8.1.002-2)
[2022-06-03T16:51:10+0000] [ALPM] installed tcl (8.6.10-1)
[2022-06-03T16:51:10+0000] [ALPM] installed libsqlite (3.38.5-1)
[2022-06-03T16:51:10+0000] [ALPM] installed heimdal-libs (7.7.0-3)
[2022-06-03T16:51:10+0000] [ALPM] installed libunistring (1.0-1)
[2022-06-03T16:51:10+0000] [ALPM] installed libidn2 (2.3.2-3)
[2022-06-03T16:51:10+0000] [ALPM] installed libnghttp2 (1.47.0-2)
[2022-06-03T16:51:10+0000] [ALPM] installed libxml2 (2.9.14-3)
[2022-06-03T16:51:10+0000] [ALPM] installed libgpg-error (1.45-1)
[2022-06-03T16:51:10+0000] [ALPM] installed libgcrypt (1.10.1-4)
[2022-06-03T16:51:10+0000] [ALPM] installed libxslt (1.1.35-2)
[2022-06-03T16:51:10+0000] [ALPM] installed libpsl (0.21.1-4)
[2022-06-03T16:51:10+0000] [ALPM] installed libssh2 (1.10.0-1)
[2022-06-03T16:51:10+0000] [ALPM] installed libcurl (7.83.1-1)
[2022-06-03T16:51:11+0000] [ALPM] installed curl (7.83.1-1)
[2022-06-03T16:51:11+0000] [ALPM] installed grep (1~3.0-3)
[2022-06-03T16:51:11+0000] [ALPM] installed dash (0.5.11.5-2)
[2022-06-03T16:51:11+0000] [ALPM] installed file (5.41-4)
[2022-06-03T16:51:11+0000] [ALPM] installed mpfr (4.1.0.p13-1)
[2022-06-03T16:51:11+0000] [ALPM] installed gawk (5.1.1-1)
[2022-06-03T16:51:11+0000] [ALPM] installed libargp (20110921-3)
[2022-06-03T16:51:11+0000] [ALPM] installed getent (2.18.90-3)
[2022-06-03T16:51:11+0000] [ALPM] installed tftp-hpa (5.2-4)
[2022-06-03T16:51:11+0000] [ALPM] installed inetutils (1.9.4-3)
[2022-06-03T16:51:12+0000] [ALPM] installed mintty (1~3.6.1-1)
[2022-06-03T16:51:12+0000] [ALPM] installed msys2-keyring (1~20220522-1)
[2022-06-03T16:51:12+0000] [ALPM] installed msys2-launcher (1.5-1)
[2022-06-03T16:51:12+0000] [ALPM] installed nano (6.3-1)
[2022-06-03T16:51:12+0000] [ALPM] installed libassuan (2.5.5-1)
[2022-06-03T16:51:12+0000] [ALPM] installed libhogweed (3.7.3-2)
[2022-06-03T16:51:12+0000] [ALPM] installed libnettle (3.7.3-2)
[2022-06-03T16:51:12+0000] [ALPM] installed libgnutls (3.7.6-1)
[2022-06-03T16:51:12+0000] [ALPM] installed libksba (1.6.0-1)
[2022-06-03T16:51:12+0000] [ALPM] installed libnpth (1.6-1)
[2022-06-03T16:51:12+0000] [ALPM] installed nettle (3.7.3-2)
[2022-06-03T16:51:12+0000] [ALPM] installed pinentry (1.2.0-1)
[2022-06-03T16:51:13+0000] [ALPM] installed gnupg (2.2.35-1)
[2022-06-03T16:51:13+0000] [ALPM] installed pacman-mirrors (20220205-1)
[2022-06-03T16:51:13+0000] [ALPM] installed which (2.21-4)
[2022-06-03T16:51:13+0000] [ALPM] installed xz (5.2.5-2)
[2022-06-03T16:51:13+0000] [ALPM] installed zstd (1.5.2-2)
[2022-06-03T16:51:13+0000] [ALPM] installed pacman (6.0.1-15)
[2022-06-03T16:51:13+0000] [ALPM] installed db (5.3.28-3)
[2022-06-03T16:51:13+0000] [ALPM] installed libgdbm (1.23-1)
[2022-06-03T16:51:13+0000] [ALPM] installed gdbm (1.23-1)
[2022-06-03T16:51:16+0000] [ALPM] installed perl (5.32.1-2)
[2022-06-03T16:51:16+0000] [ALPM] installed pacman-contrib (1.5.1-1)
[2022-06-03T16:51:16+0000] [ALPM] installed rebase (4.5.0-2)
[2022-06-03T16:51:16+0000] [ALPM] installed time (1.9-3)
[2022-06-03T16:51:19+0000] [ALPM] installed tzcode (2022a-1)
[2022-06-03T16:51:19+0000] [ALPM] installed libutil-linux (2.35.2-1)
[2022-06-03T16:51:19+0000] [ALPM] installed util-linux (2.35.2-1)
[2022-06-03T16:51:19+0000] [ALPM] installed libgpgme (1.17.1-1)
[2022-06-03T16:51:19+0000] [ALPM] installed libpcre2_8 (10.40-1)
[2022-06-03T16:51:19+0000] [ALPM] installed wget (1.21.3-1)
[2022-06-03T16:51:19+0000] [ALPM] installed base (2020.12-1)
[2022-06-03T16:51:19+0000] [ALPM] transaction completed
[2022-06-03T16:51:19+0000] [ALPM] running 'texinfo-install.hook'...
[2023-06-01T22:10:46+0700] [PACMAN] Running 'pacman -S mingw-w64-ucrt-x86_64-gcc'
[2023-06-01T22:12:00+0700] [ALPM] transaction started
[2023-06-01T22:12:00+0700] [ALPM] installed mingw-w64-ucrt-x86_64-libiconv (1.16-2)
[2023-06-01T22:12:00+0700] [ALPM] installed mingw-w64-ucrt-x86_64-zlib (1.2.12-1)
[2023-06-01T22:12:00+0700] [ALPM] installed mingw-w64-ucrt-x86_64-binutils (2.38-2)
[2023-06-01T22:12:04+0700] [ALPM] installed mingw-w64-ucrt-x86_64-headers-git (10.0.0.r32.g89bacd2be-1)
[2023-06-01T22:12:05+0700] [ALPM] installed mingw-w64-ucrt-x86_64-crt-git (10.0.0.r32.g89bacd2be-1)
[2023-06-01T22:12:05+0700] [ALPM] installed mingw-w64-ucrt-x86_64-isl (0.24-1)
[2023-06-01T22:12:05+0700] [ALPM] installed mingw-w64-ucrt-x86_64-gmp (6.2.1-3)
[2023-06-01T22:12:05+0700] [ALPM] installed mingw-w64-ucrt-x86_64-mpfr (4.1.0.p13-1)
[2023-06-01T22:12:05+0700] [ALPM] installed mingw-w64-ucrt-x86_64-mpc (1.2.1-1)
[2023-06-01T22:12:05+0700] [ALPM] installed mingw-w64-ucrt-x86_64-libwinpthread-git (10.0.0.r32.g89bacd2be-1)
[2023-06-01T22:12:05+0700] [ALPM] installed mingw-w64-ucrt-x86_64-gcc-libs (12.1.0-2)
[2023-06-01T22:12:05+0700] [ALPM] installed mingw-w64-ucrt-x86_64-windows-default-manifest (6.4-4)
[2023-06-01T22:12:05+0700] [ALPM] installed mingw-w64-ucrt-x86_64-winpthreads-git (10.0.0.r32.g89bacd2be-1)
[2023-06-01T22:12:05+0700] [ALPM] installed mingw-w64-ucrt-x86_64-zstd (1.5.2-2)
[2023-06-01T22:12:08+0700] [ALPM] installed mingw-w64-ucrt-x86_64-gcc (12.1.0-2)
[2023-06-01T22:12:08+0700] [ALPM] transaction completed
[2023-06-01T22:15:53+0700] [PACMAN] Running 'pacman -S --needed base-devel mingw-w64-x86_64-toolchain'
[2023-06-01T22:18:16+0700] [ALPM] transaction started
[2023-06-01T22:18:16+0700] [ALPM] installed binutils (2.37-5)
[2023-06-01T22:18:16+0700] [ALPM] installed m4 (1.4.19-2)
[2023-06-01T22:18:17+0700] [ALPM] installed bison (3.8.2-3)
[2023-06-01T22:18:17+0700] [ALPM] installed diffstat (1.64-1)
[2023-06-01T22:18:17+0700] [ALPM] installed diffutils (3.8-3)
[2023-06-01T22:18:17+0700] [ALPM] installed dos2unix (7.4.2-1)
[2023-06-01T22:18:17+0700] [ALPM] installed flex (2.6.4-2)
[2023-06-01T22:18:17+0700] [ALPM] installed gperf (3.1-4)
[2023-06-01T22:18:19+0700] [ALPM] installed groff (1.22.4-3)
[2023-06-01T22:18:21+0700] [ALPM] installed texinfo (6.8-4)
[2023-06-01T22:18:21+0700] [ALPM] installed texinfo-tex (6.8-4)
[2023-06-01T22:18:21+0700] [ALPM] installed make (4.3-3)
[2023-06-01T22:18:21+0700] [ALPM] installed patch (2.7.6-1)
[2023-06-01T22:18:21+0700] [ALPM] installed pkgconf (1.8.0-1)
[2023-06-01T22:18:21+0700] [ALPM] installed tar (1.34-2)
[2023-06-01T22:18:21+0700] [ALPM] installed base-devel (2022.01-2)
[2023-06-01T22:18:21+0700] [ALPM] installed mingw-w64-x86_64-libiconv (1.16-2)
[2023-06-01T22:18:21+0700] [ALPM] installed mingw-w64-x86_64-zlib (1.2.12-1)
[2023-06-01T22:18:22+0700] [ALPM] installed mingw-w64-x86_64-binutils (2.38-2)
[2023-06-01T22:18:26+0700] [ALPM] installed mingw-w64-x86_64-headers-git (10.0.0.r32.g89bacd2be-1)
[2023-06-01T22:18:28+0700] [ALPM] installed mingw-w64-x86_64-crt-git (10.0.0.r32.g89bacd2be-1)
[2023-06-01T22:18:28+0700] [ALPM] installed mingw-w64-x86_64-isl (0.24-1)
[2023-06-01T22:18:28+0700] [ALPM] installed mingw-w64-x86_64-gmp (6.2.1-3)
[2023-06-01T22:18:28+0700] [ALPM] installed mingw-w64-x86_64-mpfr (4.1.0.p13-1)
[2023-06-01T22:18:28+0700] [ALPM] installed mingw-w64-x86_64-mpc (1.2.1-1)
[2023-06-01T22:18:28+0700] [ALPM] installed mingw-w64-x86_64-libwinpthread-git (10.0.0.r32.g89bacd2be-1)
[2023-06-01T22:18:28+0700] [ALPM] installed mingw-w64-x86_64-gcc-libs (12.1.0-2)
[2023-06-01T22:18:28+0700] [ALPM] installed mingw-w64-x86_64-windows-default-manifest (6.4-4)
[2023-06-01T22:18:28+0700] [ALPM] installed mingw-w64-x86_64-winpthreads-git (10.0.0.r32.g89bacd2be-1)
[2023-06-01T22:18:28+0700] [ALPM] installed mingw-w64-x86_64-zstd (1.5.2-2)
[2023-06-01T22:18:31+0700] [ALPM] installed mingw-w64-x86_64-gcc (12.1.0-2)
[2023-06-01T22:18:37+0700] [ALPM] installed mingw-w64-x86_64-gcc-ada (12.1.0-2)
[2023-06-01T22:18:37+0700] [ALPM] installed mingw-w64-x86_64-gcc-libgfortran (12.1.0-2)
[2023-06-01T22:18:38+0700] [ALPM] installed mingw-w64-x86_64-gcc-fortran (12.1.0-2)
[2023-06-01T22:18:38+0700] [ALPM] installed mingw-w64-x86_64-gcc-objc (12.1.0-2)
[2023-06-01T22:18:38+0700] [ALPM] installed mingw-w64-x86_64-expat (2.4.8-1)
[2023-06-01T22:18:43+0700] [ALPM] installed mingw-w64-x86_64-gettext (0.21-3)
[2023-06-01T22:18:43+0700] [ALPM] installed mingw-w64-x86_64-libtre-git (r128.6fb7206-2)
[2023-06-01T22:18:43+0700] [ALPM] installed mingw-w64-x86_64-libsystre (1.0.1-4)
[2023-06-01T22:18:55+0700] [ALPM] installed mingw-w64-x86_64-ncurses (6.3-5)
[2023-06-01T22:18:55+0700] [ALPM] installed mingw-w64-x86_64-bzip2 (1.0.8-2)
[2023-06-01T22:18:55+0700] [ALPM] installed mingw-w64-x86_64-libffi (3.3-4)
[2023-06-01T22:18:55+0700] [ALPM] installed mingw-w64-x86_64-mpdecimal (2.5.1-1)
[2023-06-01T22:18:55+0700] [ALPM] installed mingw-w64-x86_64-libtasn1 (4.18.0-1)
[2023-06-01T22:18:55+0700] [ALPM] installed mingw-w64-x86_64-p11-kit (0.24.1-2)
[2023-06-01T22:18:55+0700] [ALPM] installed mingw-w64-x86_64-ca-certificates (20211016-3)
[2023-06-01T22:19:07+0700] [ALPM] installed mingw-w64-x86_64-openssl (1.1.1.o-3)
[2023-06-01T22:19:07+0700] [ALPM] installed mingw-w64-x86_64-termcap (1.3.1-6)
[2023-06-01T22:19:07+0700] [ALPM] installed mingw-w64-x86_64-readline (8.1.001-1)
[2023-06-01T22:19:11+0700] [ALPM] installed mingw-w64-x86_64-tcl (8.6.11-5)
[2023-06-01T22:19:12+0700] [ALPM] installed mingw-w64-x86_64-sqlite3 (3.38.5-1)
[2023-06-01T22:19:13+0700] [ALPM] installed mingw-w64-x86_64-tk (8.6.11.1-2)
[2023-06-01T22:19:13+0700] [ALPM] installed mingw-w64-x86_64-xz (5.2.5-3)
[2023-06-01T22:19:17+0700] [ALPM] installed mingw-w64-x86_64-tzdata (2022a-1)
[2023-06-01T22:19:37+0700] [ALPM] installed mingw-w64-x86_64-python (3.9.13-1)
[2023-06-01T22:19:37+0700] [ALPM] installed mingw-w64-x86_64-xxhash (0.8.1-2)
[2023-06-01T22:19:37+0700] [ALPM] installed mingw-w64-x86_64-gdb (12.1-1)
[2023-06-01T22:19:37+0700] [ALPM] installed mingw-w64-x86_64-gdb-multiarch (12.1-1)
[2023-06-01T22:19:37+0700] [ALPM] installed mingw-w64-x86_64-libgccjit (12.1.0-2)
[2023-06-01T22:19:37+0700] [ALPM] installed mingw-w64-x86_64-libmangle-git (10.0.0.r32.g89bacd2be-1)
[2023-06-01T22:19:37+0700] [ALPM] installed mingw-w64-x86_64-make (4.3-1)
[2023-06-01T22:19:37+0700] [ALPM] installed mingw-w64-x86_64-pkgconf (1.8.0-2)
[2023-06-01T22:19:37+0700] [ALPM] installed mingw-w64-x86_64-tools-git (10.0.0.r32.g89bacd2be-2)
[2023-06-01T22:19:37+0700] [ALPM] installed mingw-w64-x86_64-winstorecompat-git (10.0.0.r32.g89bacd2be-1)
[2023-06-01T22:19:37+0700] [ALPM] transaction completed
[2023-06-01T22:19:37+0700] [ALPM] running 'texinfo-install.hook'...
